<?xml version="1.0" encoding="UTF-8"?>
<!-- Generated by org.testng.reporters.JUnitReportReporter -->
<testsuite hostname="Sreekanth" failures="0" tests="2" name="com.moneycontrol.homepage.TopGainers" time="12.882" errors="0" timestamp="11 Apr 2023 09:19:38 GMT" skipped="0">
  <testcase classname="com.moneycontrol.homepage.TopGainers" name="maxGain" time="6.732"/>
  <testcase classname="com.moneycontrol.homepage.TopGainers" name="dynamicXpath" time="6.150"/>
</testsuite> <!-- com.moneycontrol.homepage.TopGainers -->
